#
# A fatal error has been detected by the Java Runtime Environment:
#
#  EXCEPTION_ACCESS_VIOLATION (0xc0000005) at pc=0x00007ffe038f0b2f, pid=5592, tid=12548
#
# JRE version: Java(TM) SE Runtime Environment (15.0.1+9) (build 15.0.1+9-18)
# Java VM: Java HotSpot(TM) 64-Bit Server VM (15.0.1+9-18, mixed mode, sharing, tiered, compressed oops, g1 gc, windows-amd64)
# Problematic frame:
# V  [jvm.dll+0x190b2f]
#
# No core dump will be written. Minidumps are not enabled by default on client versions of Windows
#
# If you would like to submit a bug report, please visit:
#   https://bugreport.java.com/bugreport/crash.jsp
#

---------------  S U M M A R Y ------------

Command Line: -javaagent:C:\Program Files\JetBrains\IntelliJ IDEA Community Edition 2020.3.2\lib\idea_rt.jar=52374:C:\Program Files\JetBrains\IntelliJ IDEA Community Edition 2020.3.2\bin -Dfile.encoding=UTF-8 AntbidzTeam3.AntBidz.AntBidzApplication

Host: Intel(R) Core(TM) i7-8565U CPU @ 1.80GHz, 8 cores, 15G,  Windows 10 , 64 bit Build 18362 (10.0.18362.1350)
Time: Sun Mar 14 22:31:28 2021 Malay Peninsula Standard Time elapsed time: 11.473146 seconds (0d 0h 0m 11s)

---------------  T H R E A D  ---------------

Current thread (0x000002107ce34640):  JavaThread "C2 CompilerThread1" daemon [_thread_in_native, id=12548, stack(0x0000001b5d800000,0x0000001b5d900000)]


Current CompileTask:
C2:  11473 4163       4       org.springframework.beans.factory.support.AbstractBeanFactory::isTypeMatch (607 bytes)

Stack: [0x0000001b5d800000,0x0000001b5d900000],  sp=0x0000001b5d8fbf80,  free space=1007k
Native frames: (J=compiled Java code, j=interpreted, Vv=VM code, C=native code)
V  [jvm.dll+0x190b2f]
V  [jvm.dll+0x18e0f4]
V  [jvm.dll+0x1ea762]
V  [jvm.dll+0x1e98ae]
V  [jvm.dll+0x1784c7]
V  [jvm.dll+0x1f9165]
V  [jvm.dll+0x1f720c]
V  [jvm.dll+0x74485d]
V  [jvm.dll+0x73d65a]
V  [jvm.dll+0x629c56]
C  [ucrtbase.dll+0x210b2]
C  [KERNEL32.DLL+0x17c24]
C  [ntdll.dll+0x6d721]


siginfo: EXCEPTION_ACCESS_VIOLATION (0xc0000005), reading address 0xffffffffffffffff


Register to memory mapping:

RIP=0x00007ffe038f0b2f jvm.dll
RAX=0x00000210036f4480 points into unknown readable memory: 0x0000000000000000 | 00 00 00 00 00 00 00 00
RBX=0x0000000000000002 is an unknown value
RCX=0x800002107f09d200 is an unknown value
RDX=0x0000000000000004 is an unknown value
RSP=0x0000001b5d8fbf80 is pointing into the stack for thread: 0x000002107ce34640
RBP=0x000002107d780c40 points into unknown readable memory: 0x00007ffe03fb10f0 | f0 10 fb 03 fe 7f 00 00
RSI=0x0000001b5d8fc480 is pointing into the stack for thread: 0x000002107ce34640
RDI=0x00007ffe03760000 jvm.dll
R8 =0x00000000ffffffff is an unknown value
R9 =0x0000000000000001 is an unknown value
R10=0x0000000000000015 is an unknown value
R11=0x0000021000976680 points into unknown readable memory: 0x000300030ffffcff | ff fc ff 0f 03 00 03 00
R12=0x0000000000000001 is an unknown value
R13=0x0000000000000008 is an unknown value
R14=0x0000021003c9b168 points into unknown readable memory: 0x00007ffe03fc52b8 | b8 52 fc 03 fe 7f 00 00
R15=0x0000021000779fe0 points into unknown readable memory: 0x00007ffe040472e8 | e8 72 04 04 fe 7f 00 00


Registers:
RAX=0x00000210036f4480, RBX=0x0000000000000002, RCX=0x800002107f09d200, RDX=0x0000000000000004
RSP=0x0000001b5d8fbf80, RBP=0x000002107d780c40, RSI=0x0000001b5d8fc480, RDI=0x00007ffe03760000
R8 =0x00000000ffffffff, R9 =0x0000000000000001, R10=0x0000000000000015, R11=0x0000021000976680
R12=0x0000000000000001, R13=0x0000000000000008, R14=0x0000021003c9b168, R15=0x0000021000779fe0
RIP=0x00007ffe038f0b2f, EFLAGS=0x0000000000010297

Top of Stack: (sp=0x0000001b5d8fbf80)
0x0000001b5d8fbf80:   0000021005437040 0000000000000004
0x0000001b5d8fbf90:   00000000000002ab 000002107d786998
0x0000001b5d8fbfa0:   0000014d0000000e 00007ffe00000002
0x0000001b5d8fbfb0:   000002107d780c40 00000000000000c0
0x0000001b5d8fbfc0:   0000000000000000 0000000000000000
0x0000001b5d8fbfd0:   00000000000f5268 000002100048ba70
0x0000001b5d8fbfe0:   000002100048ba80 000002107d2c01e0
0x0000001b5d8fbff0:   00000000000003d8 0000001b5d8fc120
0x0000001b5d8fc000:   000002100048be58 0000001b5d8fc560
0x0000001b5d8fc010:   0000001b5d8fc480 00007ffe038ee0f4
0x0000001b5d8fc020:   0000001b5d8fc480 0000001b5d8fc101
0x0000001b5d8fc030:   0000001b5d8fc501 00000210ffffffff
0x0000001b5d8fc040:   0000001b5d8fc000 00007ffe54e42596
0x0000001b5d8fc050:   0000000000000006 000002100048ba70
0x0000001b5d8fc060:   000002107cb15d00 000002107cb17210
0x0000001b5d8fc070:   000002107cb1dce8 00000000002fe988 

Instructions: (pc=0x00007ffe038f0b2f)
0x00007ffe038f0a2f:   00 01 00 48 8b e8 eb 6a c7 83 9c 00 00 00 04 00
0x00007ffe038f0a3f:   01 00 48 8b e8 eb 5b c7 83 9c 00 00 00 08 00 01
0x00007ffe038f0a4f:   00 48 8b e8 eb 4c c7 83 9c 00 00 00 10 00 01 00
0x00007ffe038f0a5f:   48 8b e8 eb 3d 48 8b cd e8 94 a4 4e 00 81 8b a0
0x00007ffe038f0a6f:   00 00 00 20 01 00 00 66 89 83 9c 00 00 00 66 89
0x00007ffe038f0a7f:   83 9e 00 00 00 eb 16 ba b1 03 00 00 48 8d 0d 16
0x00007ffe038f0a8f:   4b 6d 00 e8 59 56 08 00 e8 a4 9e 49 00 48 8b 6c
0x00007ffe038f0a9f:   24 30 48 8b b4 24 a0 00 00 00 44 0f b6 8c 24 a8
0x00007ffe038f0aaf:   00 00 00 41 b8 ff ff ff ff 41 8b 5e 18 89 5c 24
0x00007ffe038f0abf:   28 44 89 84 24 b8 00 00 00 45 84 c9 74 38 49 8b
0x00007ffe038f0acf:   06 49 8b ce ff 90 b0 00 00 00 89 84 24 b8 00 00
0x00007ffe038f0adf:   00 44 8b c0 83 f8 ff 74 14 8b d0 49 8b ce e8 8e
0x00007ffe038f0aef:   54 3c 00 44 8b c0 89 84 24 b8 00 00 00 44 0f b6
0x00007ffe038f0aff:   8c 24 a8 00 00 00 44 3b e3 0f 83 27 02 00 00 41
0x00007ffe038f0b0f:   8b c4 4c 8d 2c c5 00 00 00 00 0f 1f 80 00 00 00
0x00007ffe038f0b1f:   00 49 8b 46 08 4a 8b 0c 28 48 8b 86 20 01 00 00
0x00007ffe038f0b2f:   48 63 51 28 8b 1c 90 85 db 0f 84 ce 01 00 00 45
0x00007ffe038f0b3f:   84 c9 74 11 45 3b c4 75 0c 49 8b 06 49 8b ce ff
0x00007ffe038f0b4f:   90 d8 00 00 00 80 bc 24 b0 00 00 00 00 74 13 80
0x00007ffe038f0b5f:   be 28 01 00 00 00 74 0a 45 3b 66 3c 0f 83 9b 01
0x00007ffe038f0b6f:   00 00 48 8b 46 70 41 8b d4 48 69 fb a8 00 00 00
0x00007ffe038f0b7f:   49 8b ce 48 03 78 20 49 8b 06 ff 90 80 00 00 00
0x00007ffe038f0b8f:   80 bc 24 a8 00 00 00 00 4c 8b f8 75 2c 49 8b 4e
0x00007ffe038f0b9f:   08 f2 0f 10 4d 08 f2 0f 59 ce 4a 8b 14 29 48 8b
0x00007ffe038f0baf:   4e 48 44 8b 42 28 48 8b 51 78 4a 8b 0c c2 f2 0f
0x00007ffe038f0bbf:   10 41 08 66 0f 2f c1 77 5e 4c 8d 47 38 49 63 50
0x00007ffe038f0bcf:   58 41 8b 40 5c 3b d0 7f 30 4d 8b cf 49 8d 0c 90
0x00007ffe038f0bdf:   4d 2b c8 0f 1f 40 00 66 66 0f 1f 84 00 00 00 00
0x00007ffe038f0bef:   00 41 8b 04 09 ff c2 21 01 48 8d 49 04 41 8b 40
0x00007ffe038f0bff:   5c 3b d0 7e ec 41 8b 50 58 41 8b 4f 58 3b d1 7d
0x00007ffe038f0c0f:   0a 8b 87 94 00 00 00 41 89 48 58 41 8b 4f 5c 3b
0x00007ffe038f0c1f:   c1 7e 04 41 89 48 5c 49 8b 46 08 4a 8b 0c 28 48 


Stack slot to memory mapping:
stack at sp + 0 slots: 0x0000021005437040 points into unknown readable memory: 0x0000000000000000 | 00 00 00 00 00 00 00 00
stack at sp + 1 slots: 0x0000000000000004 is an unknown value
stack at sp + 2 slots: 0x00000000000002ab is an unknown value
stack at sp + 3 slots: 0x000002107d786998 points into unknown readable memory: 0x00007ffe03fb10f0 | f0 10 fb 03 fe 7f 00 00
stack at sp + 4 slots: 0x0000014d0000000e is an unknown value
stack at sp + 5 slots: 0x00007ffe00000002 is an unknown value
stack at sp + 6 slots: 0x000002107d780c40 points into unknown readable memory: 0x00007ffe03fb10f0 | f0 10 fb 03 fe 7f 00 00
stack at sp + 7 slots: 0x00000000000000c0 is an unknown value


---------------  P R O C E S S  ---------------

Threads class SMR info:
_java_thread_list=0x000002107f719dc0, length=19, elements={
0x0000021057fe0920, 0x000002107bf1ce20, 0x000002107bf1d900, 0x000002107bf36790,
0x000002107bf39160, 0x000002107bf39b20, 0x000002107bf3bcd0, 0x000002107bf3c780,
0x000002107bf3f190, 0x000002107b7017b0, 0x000002107c30e810, 0x000002107c0c3ea0,
0x000002107d9544b0, 0x000002100034e750, 0x000002107f4ecac0, 0x000002107cbc5540,
0x000002107cbc6d50, 0x000002107ce34640, 0x000002107f9990e0
}

Java Threads: ( => current thread )
  0x0000021057fe0920 JavaThread "main" [_thread_in_vm, id=10008, stack(0x0000001b5bf00000,0x0000001b5c000000)]
  0x000002107bf1ce20 JavaThread "Reference Handler" daemon [_thread_blocked, id=3164, stack(0x0000001b5c600000,0x0000001b5c700000)]
  0x000002107bf1d900 JavaThread "Finalizer" daemon [_thread_blocked, id=6312, stack(0x0000001b5c700000,0x0000001b5c800000)]
  0x000002107bf36790 JavaThread "Signal Dispatcher" daemon [_thread_blocked, id=1900, stack(0x0000001b5c800000,0x0000001b5c900000)]
  0x000002107bf39160 JavaThread "Attach Listener" daemon [_thread_blocked, id=3792, stack(0x0000001b5c900000,0x0000001b5ca00000)]
  0x000002107bf39b20 JavaThread "Service Thread" daemon [_thread_blocked, id=4928, stack(0x0000001b5ca00000,0x0000001b5cb00000)]
  0x000002107bf3bcd0 JavaThread "C2 CompilerThread0" daemon [_thread_in_native, id=5772, stack(0x0000001b5cb00000,0x0000001b5cc00000)]
  0x000002107bf3c780 JavaThread "C1 CompilerThread0" daemon [_thread_blocked, id=13044, stack(0x0000001b5cc00000,0x0000001b5cd00000)]
  0x000002107bf3f190 JavaThread "Sweeper thread" daemon [_thread_blocked, id=6584, stack(0x0000001b5cd00000,0x0000001b5ce00000)]
  0x000002107b7017b0 JavaThread "Common-Cleaner" daemon [_thread_blocked, id=19668, stack(0x0000001b5ce00000,0x0000001b5cf00000)]
  0x000002107c30e810 JavaThread "Monitor Ctrl-Break" daemon [_thread_in_native, id=13832, stack(0x0000001b5d000000,0x0000001b5d100000)]
  0x000002107c0c3ea0 JavaThread "Notification Thread" daemon [_thread_blocked, id=17984, stack(0x0000001b5d100000,0x0000001b5d200000)]
  0x000002107d9544b0 JavaThread "Catalina-utility-1" [_thread_blocked, id=6264, stack(0x0000001b5db00000,0x0000001b5dc00000)]
  0x000002100034e750 JavaThread "Catalina-utility-2" [_thread_blocked, id=13528, stack(0x0000001b5dc00000,0x0000001b5dd00000)]
  0x000002107f4ecac0 JavaThread "container-0" [_thread_blocked, id=764, stack(0x0000001b5dd00000,0x0000001b5de00000)]
  0x000002107cbc5540 JavaThread "HikariPool-1 housekeeper" daemon [_thread_blocked, id=11536, stack(0x0000001b5de00000,0x0000001b5df00000)]
  0x000002107cbc6d50 JavaThread "HikariPool-1 connection adder" daemon [_thread_blocked, id=15212, stack(0x0000001b5e100000,0x0000001b5e200000)]
=>0x000002107ce34640 JavaThread "C2 CompilerThread1" daemon [_thread_in_native, id=12548, stack(0x0000001b5d800000,0x0000001b5d900000)]
  0x000002107f9990e0 JavaThread "C2 CompilerThread2" daemon [_thread_in_native, id=13932, stack(0x0000001b5da00000,0x0000001b5db00000)]

Other Threads:
  0x000002107bf197a0 VMThread "VM Thread" [stack: 0x0000001b5c500000,0x0000001b5c600000] [id=10164]
  0x000002107c0c4770 WatcherThread [stack: 0x0000001b5d200000,0x0000001b5d300000] [id=10304]
  0x0000021058033250 GCTaskThread "GC Thread#0" [stack: 0x0000001b5c000000,0x0000001b5c100000] [id=15332]
  0x000002107c5b8000 GCTaskThread "GC Thread#1" [stack: 0x0000001b5cf00000,0x0000001b5d000000] [id=11180]
  0x000002107c5b69b0 GCTaskThread "GC Thread#2" [stack: 0x0000001b5d300000,0x0000001b5d400000] [id=3748]
  0x000002107c5b8660 GCTaskThread "GC Thread#3" [stack: 0x0000001b5d400000,0x0000001b5d500000] [id=17816]
  0x000002107c5b5cf0 GCTaskThread "GC Thread#4" [stack: 0x0000001b5d500000,0x0000001b5d600000] [id=7064]
  0x000002107c5b79a0 GCTaskThread "GC Thread#5" [stack: 0x0000001b5d600000,0x0000001b5d700000] [id=19956]
  0x000002100067bf10 GCTaskThread "GC Thread#6" [stack: 0x0000001b5df00000,0x0000001b5e000000] [id=8780]
  0x000002100067a590 GCTaskThread "GC Thread#7" [stack: 0x0000001b5e000000,0x0000001b5e100000] [id=13252]
  0x0000021058046250 ConcurrentGCThread "G1 Main Marker" [stack: 0x0000001b5c100000,0x0000001b5c200000] [id=18892]
  0x0000021058046d50 ConcurrentGCThread "G1 Conc#0" [stack: 0x0000001b5c200000,0x0000001b5c300000] [id=11580]
  0x000002107c5b8cc0 ConcurrentGCThread "G1 Conc#1" [stack: 0x0000001b5d900000,0x0000001b5da00000] [id=3912]
  0x000002105809c580 ConcurrentGCThread "G1 Refine#0" [stack: 0x0000001b5c300000,0x0000001b5c400000] [id=13284]
  0x000002107cbbd5a0 ConcurrentGCThread "G1 Refine#1" [stack: 0x0000001b5d700000,0x0000001b5d800000] [id=17468]
  0x000002105809d090 ConcurrentGCThread "G1 Young RemSet Sampling" [stack: 0x0000001b5c400000,0x0000001b5c500000] [id=3844]

Threads with active compile tasks:
C2 CompilerThread0    11679 4150       4       jdk.internal.org.objectweb.asm.SymbolTable::addConstantMemberReference (147 bytes)
C2 CompilerThread1    11679 4163       4       org.springframework.beans.factory.support.AbstractBeanFactory::isTypeMatch (607 bytes)
C2 CompilerThread2    11679 4230       4       java.net.URLStreamHandler::parseURL (1201 bytes)

VM state: not at safepoint (normal execution)

VM Mutex/Monitor currently owned by a thread: None

Heap address: 0x0000000701800000, size: 4072 MB, Compressed Oops mode: Zero based, Oop shift amount: 3
CDS archive(s) mapped at: [0x0000000800000000-0x0000000800b50000-0x0000000800b50000), size 11862016, SharedBaseAddress: 0x0000000800000000, ArchiveRelocationMode: 0.
Compressed class space mapped at: 0x0000000800b50000-0x0000000840b50000, size: 1073741824
Narrow klass base: 0x0000000800000000, Narrow klass shift: 3, Narrow klass range: 0x100000000

GC Precious Log:
 CPUs: 8 total, 8 available
 Memory: 16283M
 Large Page Support: Disabled
 NUMA Support: Disabled
 Compressed Oops: Enabled (Zero based)
 Heap Region Size: 2M
 Heap Min Capacity: 8M
 Heap Initial Capacity: 256M
 Heap Max Capacity: 4072M
 Pre-touch: Disabled
 Parallel Workers: 8
 Concurrent Workers: 2
 Concurrent Refinement Workers: 8
 Periodic GC: Disabled

Heap:
 garbage-first heap   total 55296K, used 30987K [0x0000000701800000, 0x0000000800000000)
  region size 2048K, 10 young (20480K), 2 survivors (4096K)
 Metaspace       used 50534K, capacity 50933K, committed 51228K, reserved 1093632K
  class space    used 6607K, capacity 6723K, committed 6764K, reserved 1048576K

Heap Regions: E=young(eden), S=young(survivor), O=old, HS=humongous(starts), HC=humongous(continues), CS=collection set, F=free, OA=open archive, CA=closed archive, TAMS=top-at-mark-start (previous, next)
|   0|0x0000000701800000, 0x0000000701a00000, 0x0000000701a00000|100%| O|  |TAMS 0x0000000701a00000, 0x0000000701800000| Untracked 
|   1|0x0000000701a00000, 0x0000000701c00000, 0x0000000701c00000|100%| O|  |TAMS 0x0000000701c00000, 0x0000000701a00000| Untracked 
|   2|0x0000000701c00000, 0x0000000701e00000, 0x0000000701e00000|100%| O|  |TAMS 0x0000000701e00000, 0x0000000701c00000| Untracked 
|   3|0x0000000701e00000, 0x0000000701f19a00, 0x0000000702000000| 55%| O|  |TAMS 0x0000000701f19a00, 0x0000000701e00000| Untracked 
|   4|0x0000000702000000, 0x0000000702200000, 0x0000000702200000|100%| O|  |TAMS 0x0000000702200000, 0x0000000702000000| Untracked 
|   5|0x0000000702200000, 0x0000000702400000, 0x0000000702400000|100%| O|  |TAMS 0x0000000702400000, 0x0000000702200000| Untracked 
|   6|0x0000000702400000, 0x0000000702600000, 0x0000000702600000|100%| O|  |TAMS 0x0000000702600000, 0x0000000702400000| Untracked 
|   7|0x0000000702600000, 0x0000000702800000, 0x0000000702800000|100%| O|  |TAMS 0x000000070268e600, 0x0000000702600000| Untracked 
|   8|0x0000000702800000, 0x000000070287a600, 0x0000000702a00000| 23%| O|  |TAMS 0x0000000702800000, 0x0000000702800000| Untracked 
|   9|0x0000000702a00000, 0x0000000702a00000, 0x0000000702c00000|  0%| F|  |TAMS 0x0000000702a00000, 0x0000000702a00000| Untracked 
|  10|0x0000000702c00000, 0x0000000702c00000, 0x0000000702e00000|  0%| F|  |TAMS 0x0000000702c00000, 0x0000000702c00000| Untracked 
|  11|0x0000000702e00000, 0x0000000702e00000, 0x0000000703000000|  0%| F|  |TAMS 0x0000000702e00000, 0x0000000702e00000| Untracked 
|  12|0x0000000703000000, 0x0000000703000000, 0x0000000703200000|  0%| F|  |TAMS 0x0000000703000000, 0x0000000703000000| Untracked 
|  13|0x0000000703200000, 0x0000000703200000, 0x0000000703400000|  0%| F|  |TAMS 0x0000000703200000, 0x0000000703200000| Untracked 
|  14|0x0000000703400000, 0x00000007034aee70, 0x0000000703600000| 34%| S|CS|TAMS 0x0000000703400000, 0x0000000703400000| Complete 
|  15|0x0000000703600000, 0x0000000703800000, 0x0000000703800000|100%| S|CS|TAMS 0x0000000703600000, 0x0000000703600000| Complete 
|  16|0x0000000703800000, 0x0000000703800000, 0x0000000703a00000|  0%| F|  |TAMS 0x0000000703800000, 0x0000000703800000| Untracked 
|  17|0x0000000703a00000, 0x0000000703a00000, 0x0000000703c00000|  0%| F|  |TAMS 0x0000000703a00000, 0x0000000703a00000| Untracked 
|  18|0x0000000703c00000, 0x0000000703c00000, 0x0000000703e00000|  0%| F|  |TAMS 0x0000000703c00000, 0x0000000703c00000| Untracked 
|  19|0x0000000703e00000, 0x0000000703ff5158, 0x0000000704000000| 97%| E|  |TAMS 0x0000000703e00000, 0x0000000703e00000| Complete 
|  20|0x0000000704000000, 0x0000000704200000, 0x0000000704200000|100%| E|CS|TAMS 0x0000000704000000, 0x0000000704000000| Complete 
|  21|0x0000000704200000, 0x0000000704400000, 0x0000000704400000|100%| E|CS|TAMS 0x0000000704200000, 0x0000000704200000| Complete 
|  22|0x0000000704400000, 0x0000000704600000, 0x0000000704600000|100%| E|CS|TAMS 0x0000000704400000, 0x0000000704400000| Complete 
|  99|0x000000070de00000, 0x000000070e000000, 0x000000070e000000|100%| E|CS|TAMS 0x000000070de00000, 0x000000070de00000| Complete 
| 100|0x000000070e000000, 0x000000070e200000, 0x000000070e200000|100%| E|CS|TAMS 0x000000070e000000, 0x000000070e000000| Complete 
| 101|0x000000070e200000, 0x000000070e400000, 0x000000070e400000|100%| E|CS|TAMS 0x000000070e200000, 0x000000070e200000| Complete 
| 127|0x0000000711600000, 0x0000000711800000, 0x0000000711800000|100%| E|  |TAMS 0x0000000711600000, 0x0000000711600000| Complete 

Card table byte_map: [0x000002106fd40000,0x0000021070540000] _byte_map_base: 0x000002106c534000

Marking Bits (Prev, Next): (CMBitMap*) 0x00000210580349e0, (CMBitMap*) 0x0000021058034a20
 Prev Bits: [0x0000021070d40000, 0x0000021074ce0000)
 Next Bits: [0x0000021074ce0000, 0x0000021078c80000)

Polling page: 0x0000021055ec0000

Metaspace:

Usage:
  Non-class:     43.17 MB capacity,    42.90 MB (>99%) used,   216.20 KB ( <1%) free+waste,    62.00 KB ( <1%) overhead. 
      Class:      6.57 MB capacity,     6.45 MB ( 98%) used,    91.70 KB (  1%) free+waste,    23.50 KB ( <1%) overhead. 
       Both:     49.74 MB capacity,    49.36 MB (>99%) used,   307.89 KB ( <1%) free+waste,    85.50 KB ( <1%) overhead. 

Virtual space:
  Non-class space:       44.00 MB reserved,      43.42 MB ( 99%) committed 
      Class space:        1.00 GB reserved,       6.61 MB ( <1%) committed 
             Both:        1.04 GB reserved,      50.03 MB (  5%) committed 

Chunk freelists:
   Non-Class:  62.00 KB
       Class:  29.00 KB
        Both:  91.00 KB

MaxMetaspaceSize: 17179869184.00 GB
CompressedClassSpaceSize: 1.00 GB

CodeHeap 'non-profiled nmethods': size=120000Kb used=2664Kb max_used=2664Kb free=117335Kb
 bounds [0x0000021067cd0000, 0x0000021067f70000, 0x000002106f200000]
CodeHeap 'profiled nmethods': size=120000Kb used=9107Kb max_used=9107Kb free=110892Kb
 bounds [0x00000210607a0000, 0x0000021061090000, 0x0000021067cd0000]
CodeHeap 'non-nmethods': size=5760Kb used=1306Kb max_used=1407Kb free=4453Kb
 bounds [0x0000021060200000, 0x0000021060470000, 0x00000210607a0000]
 total_blobs=4881 nmethods=4290 adapters=503
 compilation: enabled
              stopped_count=0, restarted_count=0
 full_count=0

Compilation events (20 events):
Event: 11.322 Thread 0x000002107f9990e0 nmethod 4155 0x0000021067f63710 code [0x0000021067f63980, 0x0000021067f64490]
Event: 11.322 Thread 0x000002107f9990e0 4218       4       java.lang.PublicMethods$MethodList::filter (104 bytes)
Event: 11.322 Thread 0x000002107bf3c780 nmethod 4225 0x000002106104f010 code [0x000002106104f4c0, 0x0000021061051a08]
Event: 11.350 Thread 0x000002107f9990e0 nmethod 4218 0x0000021067f64e90 code [0x0000021067f65040, 0x0000021067f65a78]
Event: 11.350 Thread 0x000002107f9990e0 4164       4       org.springframework.beans.factory.support.DefaultSingletonBeanRegistry::containsSingleton (11 bytes)
Event: 11.375 Thread 0x000002107f9990e0 nmethod 4164 0x0000021067f65f10 code [0x0000021067f660c0, 0x0000021067f667b8]
Event: 11.375 Thread 0x000002107f9990e0 4185       4       java.util.concurrent.ConcurrentHashMap::containsKey (14 bytes)
Event: 11.386 Thread 0x000002107f9990e0 nmethod 4185 0x0000021067f66b90 code [0x0000021067f66d20, 0x0000021067f67018]
Event: 11.445 Thread 0x000002107f9990e0 4226       4       java.lang.PublicMethods$Key::hashCode (19 bytes)
Event: 11.450 Thread 0x000002107f9990e0 nmethod 4226 0x0000021067f67290 code [0x0000021067f67420, 0x0000021067f67618]
Event: 11.450 Thread 0x000002107f9990e0 4229       4       java.util.concurrent.CopyOnWriteArrayList::get (9 bytes)
Event: 11.451 Thread 0x000002107f9990e0 nmethod 4229 0x0000021067f67790 code [0x0000021067f67900, 0x0000021067f67998]
Event: 11.451 Thread 0x000002107f9990e0 4228       4       java.util.LinkedHashMap$LinkedValueIterator::next (8 bytes)
Event: 11.454 Thread 0x000002107bf3c780 4231       3       java.lang.invoke.MethodHandles::identity (87 bytes)
Event: 11.456 Thread 0x000002107bf3c780 nmethod 4231 0x0000021061052610 code [0x0000021061052800, 0x0000021061052c38]
Event: 11.456 Thread 0x000002107f9990e0 nmethod 4228 0x0000021067f67a90 code [0x0000021067f67c00, 0x0000021067f67e98]
Event: 11.456 Thread 0x000002107f9990e0 4230       4       java.net.URLStreamHandler::parseURL (1201 bytes)
Event: 11.457 Thread 0x000002107bf3c780 4232       3       java.lang.invoke.LambdaFormEditor::getInCache (165 bytes)
Event: 11.458 Thread 0x000002107bf3c780 nmethod 4232 0x0000021061052e10 code [0x0000021061053080, 0x0000021061054038]
Event: 11.458 Thread 0x000002107bf3c780 4233       3       java.util.stream.AbstractPipeline::spliterator (116 bytes)

GC Heap History (20 events):
Event: 2.768 GC heap before
{Heap before GC invocations=1 (full 0):
 garbage-first heap   total 262144K, used 27830K [0x0000000701800000, 0x0000000800000000)
  region size 2048K, 12 young (24576K), 2 survivors (4096K)
 Metaspace       used 11089K, capacity 11489K, committed 11648K, reserved 1058816K
  class space    used 1308K, capacity 1376K, committed 1408K, reserved 1048576K
}
Event: 2.777 GC heap after
{Heap after GC invocations=2 (full 0):
 garbage-first heap   total 262144K, used 8575K [0x0000000701800000, 0x0000000800000000)
  region size 2048K, 1 young (2048K), 1 survivors (2048K)
 Metaspace       used 11089K, capacity 11489K, committed 11648K, reserved 1058816K
  class space    used 1308K, capacity 1376K, committed 1408K, reserved 1048576K
}
Event: 3.375 GC heap before
{Heap before GC invocations=2 (full 0):
 garbage-first heap   total 262144K, used 51583K [0x0000000701800000, 0x0000000800000000)
  region size 2048K, 23 young (47104K), 1 survivors (2048K)
 Metaspace       used 15518K, capacity 15794K, committed 16128K, reserved 1062912K
  class space    used 1855K, capacity 1930K, committed 2048K, reserved 1048576K
}
Event: 3.380 GC heap after
{Heap after GC invocations=3 (full 0):
 garbage-first heap   total 262144K, used 9594K [0x0000000701800000, 0x0000000800000000)
  region size 2048K, 2 young (4096K), 2 survivors (4096K)
 Metaspace       used 15518K, capacity 15794K, committed 16128K, reserved 1062912K
  class space    used 1855K, capacity 1930K, committed 2048K, reserved 1048576K
}
Event: 5.049 GC heap before
{Heap before GC invocations=3 (full 0):
 garbage-first heap   total 262144K, used 54650K [0x0000000701800000, 0x0000000800000000)
  region size 2048K, 26 young (53248K), 2 survivors (4096K)
 Metaspace       used 20927K, capacity 21212K, committed 21296K, reserved 1069056K
  class space    used 2580K, capacity 2680K, committed 2688K, reserved 1048576K
}
Event: 5.058 GC heap after
{Heap after GC invocations=4 (full 0):
 garbage-first heap   total 262144K, used 11492K [0x0000000701800000, 0x0000000800000000)
  region size 2048K, 3 young (6144K), 3 survivors (6144K)
 Metaspace       used 20927K, capacity 21212K, committed 21296K, reserved 1069056K
  class space    used 2580K, capacity 2680K, committed 2688K, reserved 1048576K
}
Event: 6.556 GC heap before
{Heap before GC invocations=5 (full 0):
 garbage-first heap   total 55296K, used 38116K [0x0000000701800000, 0x0000000800000000)
  region size 2048K, 16 young (32768K), 3 survivors (6144K)
 Metaspace       used 26358K, capacity 26706K, committed 26928K, reserved 1073152K
  class space    used 3305K, capacity 3436K, committed 3456K, reserved 1048576K
}
Event: 6.573 GC heap after
{Heap after GC invocations=6 (full 0):
 garbage-first heap   total 55296K, used 14058K [0x0000000701800000, 0x0000000800000000)
  region size 2048K, 2 young (4096K), 2 survivors (4096K)
 Metaspace       used 26358K, capacity 26706K, committed 26928K, reserved 1073152K
  class space    used 3305K, capacity 3436K, committed 3456K, reserved 1048576K
}
Event: 6.842 GC heap before
{Heap before GC invocations=6 (full 0):
 garbage-first heap   total 55296K, used 34538K [0x0000000701800000, 0x0000000800000000)
  region size 2048K, 13 young (26624K), 2 survivors (4096K)
 Metaspace       used 27392K, capacity 27762K, committed 27824K, reserved 1073152K
  class space    used 3403K, capacity 3532K, committed 3584K, reserved 1048576K
}
Event: 6.857 GC heap after
{Heap after GC invocations=7 (full 0):
 garbage-first heap   total 55296K, used 14775K [0x0000000701800000, 0x0000000800000000)
  region size 2048K, 1 young (2048K), 1 survivors (2048K)
 Metaspace       used 27392K, capacity 27762K, committed 27824K, reserved 1073152K
  class space    used 3403K, capacity 3532K, committed 3584K, reserved 1048576K
}
Event: 7.067 GC heap before
{Heap before GC invocations=7 (full 0):
 garbage-first heap   total 55296K, used 35255K [0x0000000701800000, 0x0000000800000000)
  region size 2048K, 12 young (24576K), 1 survivors (2048K)
 Metaspace       used 27663K, capacity 28018K, committed 28080K, reserved 1073152K
  class space    used 3430K, capacity 3532K, committed 3584K, reserved 1048576K
}
Event: 7.074 GC heap after
{Heap after GC invocations=8 (full 0):
 garbage-first heap   total 55296K, used 14496K [0x0000000701800000, 0x0000000800000000)
  region size 2048K, 1 young (2048K), 1 survivors (2048K)
 Metaspace       used 27663K, capacity 28018K, committed 28080K, reserved 1073152K
  class space    used 3430K, capacity 3532K, committed 3584K, reserved 1048576K
}
Event: 8.179 GC heap before
{Heap before GC invocations=8 (full 0):
 garbage-first heap   total 55296K, used 34976K [0x0000000701800000, 0x0000000800000000)
  region size 2048K, 12 young (24576K), 1 survivors (2048K)
 Metaspace       used 33263K, capacity 33636K, committed 33840K, reserved 1079296K
  class space    used 4077K, capacity 4209K, committed 4224K, reserved 1048576K
}
Event: 8.186 GC heap after
{Heap after GC invocations=9 (full 0):
 garbage-first heap   total 55296K, used 16046K [0x0000000701800000, 0x0000000800000000)
  region size 2048K, 2 young (4096K), 2 survivors (4096K)
 Metaspace       used 33263K, capacity 33636K, committed 33840K, reserved 1079296K
  class space    used 4077K, capacity 4209K, committed 4224K, reserved 1048576K
}
Event: 8.614 GC heap before
{Heap before GC invocations=9 (full 0):
 garbage-first heap   total 55296K, used 22190K [0x0000000701800000, 0x0000000800000000)
  region size 2048K, 7 young (14336K), 2 survivors (4096K)
 Metaspace       used 35475K, capacity 35830K, committed 35888K, reserved 1081344K
  class space    used 4361K, capacity 4468K, committed 4480K, reserved 1048576K
}
Event: 8.620 GC heap after
{Heap after GC invocations=10 (full 0):
 garbage-first heap   total 55296K, used 16461K [0x0000000701800000, 0x0000000800000000)
  region size 2048K, 2 young (4096K), 2 survivors (4096K)
 Metaspace       used 35475K, capacity 35830K, committed 35888K, reserved 1081344K
  class space    used 4361K, capacity 4468K, committed 4480K, reserved 1048576K
}
Event: 9.790 GC heap before
{Heap before GC invocations=11 (full 0):
 garbage-first heap   total 55296K, used 38989K [0x0000000701800000, 0x0000000800000000)
  region size 2048K, 13 young (26624K), 2 survivors (4096K)
 Metaspace       used 41755K, capacity 42175K, committed 42396K, reserved 1085440K
  class space    used 5357K, capacity 5494K, committed 5612K, reserved 1048576K
}
Event: 9.798 GC heap after
{Heap after GC invocations=12 (full 0):
 garbage-first heap   total 55296K, used 17764K [0x0000000701800000, 0x0000000800000000)
  region size 2048K, 1 young (2048K), 1 survivors (2048K)
 Metaspace       used 41755K, capacity 42175K, committed 42396K, reserved 1085440K
  class space    used 5357K, capacity 5494K, committed 5612K, reserved 1048576K
}
Event: 11.019 GC heap before
{Heap before GC invocations=12 (full 0):
 garbage-first heap   total 55296K, used 38244K [0x0000000701800000, 0x0000000800000000)
  region size 2048K, 12 young (24576K), 1 survivors (2048K)
 Metaspace       used 47742K, capacity 48175K, committed 48412K, reserved 1091584K
  class space    used 6265K, capacity 6402K, committed 6508K, reserved 1048576K
}
Event: 11.025 GC heap after
{Heap after GC invocations=13 (full 0):
 garbage-first heap   total 55296K, used 18699K [0x0000000701800000, 0x0000000800000000)
  region size 2048K, 2 young (4096K), 2 survivors (4096K)
 Metaspace       used 47742K, capacity 48175K, committed 48412K, reserved 1091584K
  class space    used 6265K, capacity 6402K, committed 6508K, reserved 1048576K
}

Deoptimization events (20 events):
Event: 11.291 Thread 0x0000021057fe0920 Uncommon trap: trap_request=0xffffffbe fr.pc=0x0000021067f630c4 relative=0x0000000000000984
Event: 11.291 Thread 0x0000021057fe0920 Uncommon trap: reason=profile_predicate action=maybe_recompile pc=0x0000021067f630c4 method=java.lang.PublicMethods$MethodList.filter([Ljava/lang/reflect/Method;Ljava/lang/String;[Ljava/lang/Class;Z)Ljava/lang/PublicMethods$MethodList; @ 21 c2
Event: 11.291 Thread 0x0000021057fe0920 DEOPT PACKING pc=0x0000021067f630c4 sp=0x0000001b5bffc870
Event: 11.291 Thread 0x0000021057fe0920 DEOPT UNPACKING pc=0x000002106024e42f sp=0x0000001b5bffc828 mode 2
Event: 11.291 Thread 0x0000021057fe0920 Uncommon trap: trap_request=0xffffffbe fr.pc=0x0000021067f630c4 relative=0x0000000000000984
Event: 11.291 Thread 0x0000021057fe0920 Uncommon trap: reason=profile_predicate action=maybe_recompile pc=0x0000021067f630c4 method=java.lang.PublicMethods$MethodList.filter([Ljava/lang/reflect/Method;Ljava/lang/String;[Ljava/lang/Class;Z)Ljava/lang/PublicMethods$MethodList; @ 21 c2
Event: 11.291 Thread 0x0000021057fe0920 DEOPT PACKING pc=0x0000021067f630c4 sp=0x0000001b5bffc920
Event: 11.291 Thread 0x0000021057fe0920 DEOPT UNPACKING pc=0x000002106024e42f sp=0x0000001b5bffc8d8 mode 2
Event: 11.291 Thread 0x0000021057fe0920 Uncommon trap: trap_request=0xffffffbe fr.pc=0x0000021067f630c4 relative=0x0000000000000984
Event: 11.291 Thread 0x0000021057fe0920 Uncommon trap: reason=profile_predicate action=maybe_recompile pc=0x0000021067f630c4 method=java.lang.PublicMethods$MethodList.filter([Ljava/lang/reflect/Method;Ljava/lang/String;[Ljava/lang/Class;Z)Ljava/lang/PublicMethods$MethodList; @ 21 c2
Event: 11.291 Thread 0x0000021057fe0920 DEOPT PACKING pc=0x0000021067f630c4 sp=0x0000001b5bffc870
Event: 11.292 Thread 0x0000021057fe0920 DEOPT UNPACKING pc=0x000002106024e42f sp=0x0000001b5bffc828 mode 2
Event: 11.292 Thread 0x0000021057fe0920 Uncommon trap: trap_request=0xffffffde fr.pc=0x0000021067e2e040 relative=0x0000000000002fe0
Event: 11.292 Thread 0x0000021057fe0920 Uncommon trap: reason=class_check action=maybe_recompile pc=0x0000021067e2e040 method=org.springframework.core.ResolvableType.resolveType()Lorg/springframework/core/ResolvableType; @ 101 c2
Event: 11.292 Thread 0x0000021057fe0920 DEOPT PACKING pc=0x0000021067e2e040 sp=0x0000001b5bffc1d0
Event: 11.292 Thread 0x0000021057fe0920 DEOPT UNPACKING pc=0x000002106024e42f sp=0x0000001b5bffc070 mode 2
Event: 11.458 Thread 0x0000021057fe0920 Uncommon trap: trap_request=0xffffff54 fr.pc=0x0000021067e50e44 relative=0x00000000000006c4
Event: 11.458 Thread 0x0000021057fe0920 Uncommon trap: reason=speculate_null_assert action=make_not_entrant pc=0x0000021067e50e44 method=org.springframework.util.ConcurrentReferenceHashMap$Segment.restructureIfNecessary(Z)V @ 41 c2
Event: 11.458 Thread 0x0000021057fe0920 DEOPT PACKING pc=0x0000021067e50e44 sp=0x0000001b5bffd5e0
Event: 11.458 Thread 0x0000021057fe0920 DEOPT UNPACKING pc=0x000002106024e42f sp=0x0000001b5bffd428 mode 2

Classes unloaded (0 events):
No events

Classes redefined (0 events):
No events

Internal exceptions (20 events):
Event: 11.109 Thread 0x0000021057fe0920 Exception <a 'java/lang/ClassNotFoundException'{0x000000070e2e70f0}: java/lang/ObjectCustomizer> (0x000000070e2e70f0) 
thrown [./open/src/hotspot/share/classfile/systemDictionary.cpp, line 295]
Event: 11.111 Thread 0x0000021057fe0920 Exception <a 'java/lang/ClassNotFoundException'{0x000000070e2edcb8}: org/springframework/data/repository/core/support/RepositoryFactoryBeanSupportCustomizer> (0x000000070e2edcb8) 
thrown [./open/src/hotspot/share/classfile/systemDictionary.cpp, line 295]
Event: 11.115 Thread 0x0000021057fe0920 Exception <a 'java/lang/ClassNotFoundException'{0x000000070e316468}: org/springframework/data/repository/core/support/TransactionalRepositoryFactoryBeanSupportCustomizer> (0x000000070e316468) 
thrown [./open/src/hotspot/share/classfile/systemDictionary.cpp, line 295]
Event: 11.118 Thread 0x0000021057fe0920 Exception <a 'java/lang/ClassNotFoundException'{0x000000070e323358}: org/springframework/data/jpa/repository/support/JpaRepositoryFactoryBeanCustomizer> (0x000000070e323358) 
thrown [./open/src/hotspot/share/classfile/systemDictionary.cpp, line 295]
Event: 11.123 Thread 0x0000021057fe0920 Exception <a 'java/lang/ClassNotFoundException'{0x000000070e350ef8}: org/springframework/beans/factory/BeanFactoryAwareCustomizer> (0x000000070e350ef8) 
thrown [./open/src/hotspot/share/classfile/systemDictionary.cpp, line 295]
Event: 11.123 Thread 0x0000021057fe0920 Exception <a 'java/lang/ClassNotFoundException'{0x000000070e355568}: org/springframework/beans/factory/AwareCustomizer> (0x000000070e355568) 
thrown [./open/src/hotspot/share/classfile/systemDictionary.cpp, line 295]
Event: 11.124 Thread 0x0000021057fe0920 Exception <a 'java/lang/ClassNotFoundException'{0x000000070e3587e0}: org/springframework/beans/factory/InitializingBeanCustomizer> (0x000000070e3587e0) 
thrown [./open/src/hotspot/share/classfile/systemDictionary.cpp, line 295]
Event: 11.125 Thread 0x0000021057fe0920 Exception <a 'java/lang/ClassNotFoundException'{0x000000070e35cb10}: org/springframework/data/repository/core/support/RepositoryFactoryInformationCustomizer> (0x000000070e35cb10) 
thrown [./open/src/hotspot/share/classfile/systemDictionary.cpp, line 295]
Event: 11.126 Thread 0x0000021057fe0920 Exception <a 'java/lang/ClassNotFoundException'{0x000000070e3665b8}: org/springframework/beans/factory/FactoryBeanCustomizer> (0x000000070e3665b8) 
thrown [./open/src/hotspot/share/classfile/systemDictionary.cpp, line 295]
Event: 11.128 Thread 0x0000021057fe0920 Exception <a 'java/lang/ClassNotFoundException'{0x000000070e36db10}: org/springframework/beans/factory/BeanClassLoaderAwareCustomizer> (0x000000070e36db10) 
thrown [./open/src/hotspot/share/classfile/systemDictionary.cpp, line 295]
Event: 11.128 Thread 0x0000021057fe0920 Exception <a 'java/lang/ClassNotFoundException'{0x000000070e371a30}: org/springframework/beans/factory/AwareCustomizer> (0x000000070e371a30) 
thrown [./open/src/hotspot/share/classfile/systemDictionary.cpp, line 295]
Event: 11.129 Thread 0x0000021057fe0920 Exception <a 'java/lang/ClassNotFoundException'{0x000000070e374c40}: org/springframework/beans/factory/BeanFactoryAwareCustomizer> (0x000000070e374c40) 
thrown [./open/src/hotspot/share/classfile/systemDictionary.cpp, line 295]
Event: 11.129 Thread 0x0000021057fe0920 Exception <a 'java/lang/ClassNotFoundException'{0x000000070e3792b0}: org/springframework/beans/factory/AwareCustomizer> (0x000000070e3792b0) 
thrown [./open/src/hotspot/share/classfile/systemDictionary.cpp, line 295]
Event: 11.130 Thread 0x0000021057fe0920 Exception <a 'java/lang/ClassNotFoundException'{0x000000070e37c848}: org/springframework/context/ApplicationEventPublisherAwareCustomizer> (0x000000070e37c848) 
thrown [./open/src/hotspot/share/classfile/systemDictionary.cpp, line 295]
Event: 11.131 Thread 0x0000021057fe0920 Exception <a 'java/lang/ClassNotFoundException'{0x000000070e380eb0}: org/springframework/beans/factory/AwareCustomizer> (0x000000070e380eb0) 
thrown [./open/src/hotspot/share/classfile/systemDictionary.cpp, line 295]
Event: 11.143 Thread 0x0000021057fe0920 Exception <a 'java/lang/ClassNotFoundException'{0x000000070e3aa128}: java/lang/ObjectCustomizer> (0x000000070e3aa128) 
thrown [./open/src/hotspot/share/classfile/systemDictionary.cpp, line 295]
Event: 11.144 Thread 0x0000021057fe0920 Exception <a 'java/lang/ClassNotFoundException'{0x000000070e3b11c8}: org/springframework/core/io/support/PropertiesLoaderSupportCustomizer> (0x000000070e3b11c8) 
thrown [./open/src/hotspot/share/classfile/systemDictionary.cpp, line 295]
Event: 11.146 Thread 0x0000021057fe0920 Exception <a 'java/lang/ClassNotFoundException'{0x000000070e3bd4b0}: org/springframework/beans/factory/config/PropertiesFactoryBeanCustomizer> (0x000000070e3bd4b0) 
thrown [./open/src/hotspot/share/classfile/systemDictionary.cpp, line 295]
Event: 11.148 Thread 0x0000021057fe0920 Exception <a 'java/lang/ClassNotFoundException'{0x000000070e3d1500}: org/springframework/beans/factory/FactoryBeanCustomizer> (0x000000070e3d1500) 
thrown [./open/src/hotspot/share/classfile/systemDictionary.cpp, line 295]
Event: 11.148 Thread 0x0000021057fe0920 Exception <a 'java/lang/ClassNotFoundException'{0x000000070e3d7918}: org/springframework/beans/factory/InitializingBeanCustomizer> (0x000000070e3d7918) 
thrown [./open/src/hotspot/share/classfile/systemDictionary.cpp, line 295]

Events (20 events):
Event: 11.090 loading class javax/naming/Reference
Event: 11.090 loading class javax/naming/Reference done
Event: 11.109 loading class java/lang/ObjectCustomizer
Event: 11.109 loading class java/lang/ObjectCustomizer done
Event: 11.109 loading class java/lang/ObjectCustomizer
Event: 11.109 loading class java/lang/ObjectCustomizer done
Event: 11.143 loading class java/lang/ObjectCustomizer
Event: 11.143 loading class java/lang/ObjectCustomizer done
Event: 11.143 loading class java/lang/ObjectCustomizer
Event: 11.143 loading class java/lang/ObjectCustomizer done
Event: 11.238 loading class java/util/concurrent/ConcurrentHashMap$TreeNode
Event: 11.238 loading class java/util/concurrent/ConcurrentHashMap$TreeNode done
Event: 11.238 loading class java/util/concurrent/ConcurrentHashMap$TreeBin
Event: 11.238 loading class java/util/concurrent/ConcurrentHashMap$TreeBin done
Event: 11.311 loading class java/util/concurrent/CompletableFuture$AltResult
Event: 11.311 loading class java/util/concurrent/CompletableFuture$AltResult done
Event: 11.312 loading class java/util/concurrent/CompletableFuture$Completion
Event: 11.312 loading class java/util/concurrent/CompletableFuture$AsynchronousCompletionTask
Event: 11.312 loading class java/util/concurrent/CompletableFuture$AsynchronousCompletionTask done
Event: 11.312 loading class java/util/concurrent/CompletableFuture$Completion done


Dynamic libraries:
0x00007ff79c830000 - 0x00007ff79c83f000 	C:\Program Files\Java\jdk-15.0.1\bin\java.exe
0x00007ffe56e80000 - 0x00007ffe57070000 	C:\WINDOWS\SYSTEM32\ntdll.dll
0x00007ffe55300000 - 0x00007ffe553b2000 	C:\WINDOWS\System32\KERNEL32.DLL
0x00007ffe54b60000 - 0x00007ffe54e05000 	C:\WINDOWS\System32\KERNELBASE.dll
0x00007ffe54e30000 - 0x00007ffe54f2a000 	C:\WINDOWS\System32\ucrtbase.dll
0x00007ffe2cbc0000 - 0x00007ffe2cbd8000 	C:\Program Files\Java\jdk-15.0.1\bin\jli.dll
0x00007ffe2aa10000 - 0x00007ffe2aa29000 	C:\Program Files\Java\jdk-15.0.1\bin\VCRUNTIME140.dll
0x00007ffe550a0000 - 0x00007ffe55143000 	C:\WINDOWS\System32\ADVAPI32.dll
0x00007ffe55ea0000 - 0x00007ffe55f3e000 	C:\WINDOWS\System32\msvcrt.dll
0x00007ffe54f30000 - 0x00007ffe54fc7000 	C:\WINDOWS\System32\sechost.dll
0x00007ffe55790000 - 0x00007ffe558af000 	C:\WINDOWS\System32\RPCRT4.dll
0x00007ffe555f0000 - 0x00007ffe55784000 	C:\WINDOWS\System32\USER32.dll
0x00007ffe54300000 - 0x00007ffe54321000 	C:\WINDOWS\System32\win32u.dll
0x00007ffe41d00000 - 0x00007ffe41f84000 	C:\WINDOWS\WinSxS\amd64_microsoft.windows.common-controls_6595b64144ccf1df_6.0.18362.1440_none_9e7dbfb9e45e8e67\COMCTL32.dll
0x00007ffe56830000 - 0x00007ffe56856000 	C:\WINDOWS\System32\GDI32.dll
0x00007ffe53f50000 - 0x00007ffe540e8000 	C:\WINDOWS\System32\gdi32full.dll
0x00007ffe55b40000 - 0x00007ffe55e76000 	C:\WINDOWS\System32\combase.dll
0x00007ffe54210000 - 0x00007ffe542ae000 	C:\WINDOWS\System32\msvcp_win.dll
0x00007ffe54180000 - 0x00007ffe54201000 	C:\WINDOWS\System32\bcryptPrimitives.dll
0x00007ffe51210000 - 0x00007ffe5121a000 	C:\WINDOWS\SYSTEM32\VERSION.dll
0x00007ffe56630000 - 0x00007ffe5665e000 	C:\WINDOWS\System32\IMM32.DLL
0x00007ffe498f0000 - 0x00007ffe498fc000 	C:\Program Files\Java\jdk-15.0.1\bin\vcruntime140_1.dll
0x00007ffe1ed10000 - 0x00007ffe1eda1000 	C:\Program Files\Java\jdk-15.0.1\bin\msvcp140.dll
0x00007ffe03760000 - 0x00007ffe042be000 	C:\Program Files\Java\jdk-15.0.1\bin\server\jvm.dll
0x00007ffe55510000 - 0x00007ffe55518000 	C:\WINDOWS\System32\PSAPI.DLL
0x00007ffe4f570000 - 0x00007ffe4f594000 	C:\WINDOWS\SYSTEM32\WINMM.dll
0x00007ffe3c940000 - 0x00007ffe3c949000 	C:\WINDOWS\SYSTEM32\WSOCK32.dll
0x00007ffe56710000 - 0x00007ffe5677f000 	C:\WINDOWS\System32\WS2_32.dll
0x00007ffe4f3c0000 - 0x00007ffe4f3ed000 	C:\WINDOWS\SYSTEM32\winmmbase.dll
0x00007ffe542b0000 - 0x00007ffe542fa000 	C:\WINDOWS\System32\cfgmgr32.dll
0x00007ffe53db0000 - 0x00007ffe53dc1000 	C:\WINDOWS\System32\kernel.appcore.dll
0x00007ffe490c0000 - 0x00007ffe490ca000 	C:\Program Files\Java\jdk-15.0.1\bin\jimage.dll
0x00007ffe537f0000 - 0x00007ffe539e4000 	C:\WINDOWS\SYSTEM32\DBGHELP.DLL
0x00007ffe3dd70000 - 0x00007ffe3dd9a000 	C:\WINDOWS\SYSTEM32\dbgcore.DLL
0x00007ffe485c0000 - 0x00007ffe485ce000 	C:\Program Files\Java\jdk-15.0.1\bin\instrument.dll
0x00007ffe2a400000 - 0x00007ffe2a425000 	C:\Program Files\Java\jdk-15.0.1\bin\java.dll
0x00007ffe55f40000 - 0x00007ffe56628000 	C:\WINDOWS\System32\SHELL32.dll
0x00007ffe56660000 - 0x00007ffe56707000 	C:\WINDOWS\System32\shcore.dll
0x00007ffe54330000 - 0x00007ffe54aab000 	C:\WINDOWS\System32\windows.storage.dll
0x00007ffe53d40000 - 0x00007ffe53d5e000 	C:\WINDOWS\System32\profapi.dll
0x00007ffe53d60000 - 0x00007ffe53daa000 	C:\WINDOWS\System32\powrprof.dll
0x00007ffe53d30000 - 0x00007ffe53d40000 	C:\WINDOWS\System32\UMPDC.dll
0x00007ffe55ae0000 - 0x00007ffe55b32000 	C:\WINDOWS\System32\shlwapi.dll
0x00007ffe54e10000 - 0x00007ffe54e27000 	C:\WINDOWS\System32\cryptsp.dll
0x00007ffe278d0000 - 0x00007ffe278e8000 	C:\Program Files\Java\jdk-15.0.1\bin\zip.dll
0x00007ffe2a3e0000 - 0x00007ffe2a3f9000 	C:\Program Files\Java\jdk-15.0.1\bin\net.dll
0x00007ffe4af00000 - 0x00007ffe4affa000 	C:\WINDOWS\SYSTEM32\WINHTTP.dll
0x00007ffe52ea0000 - 0x00007ffe52f07000 	C:\WINDOWS\system32\mswsock.dll
0x00007ffe27b30000 - 0x00007ffe27b42000 	C:\Program Files\Java\jdk-15.0.1\bin\nio.dll
0x00007ffe26940000 - 0x00007ffe2695a000 	C:\Program Files\JetBrains\IntelliJ IDEA Community Edition 2020.3.2\bin\breakgen64.dll
0x00007ffe481c0000 - 0x00007ffe481d0000 	C:\Program Files\Java\jdk-15.0.1\bin\verify.dll
0x00007ffe47da0000 - 0x00007ffe47da9000 	C:\Program Files\Java\jdk-15.0.1\bin\management.dll
0x00007ffe42b60000 - 0x00007ffe42b6b000 	C:\Program Files\Java\jdk-15.0.1\bin\management_ext.dll
0x00007ffe37910000 - 0x00007ffe37926000 	C:\WINDOWS\system32\napinsp.dll
0x00007ffe378c0000 - 0x00007ffe378da000 	C:\WINDOWS\system32\pnrpnsp.dll
0x00007ffe52c00000 - 0x00007ffe52ccb000 	C:\WINDOWS\SYSTEM32\DNSAPI.dll
0x00007ffe56e30000 - 0x00007ffe56e38000 	C:\WINDOWS\System32\NSI.dll
0x00007ffe52bc0000 - 0x00007ffe52bfa000 	C:\WINDOWS\SYSTEM32\IPHLPAPI.DLL
0x00007ffe377f0000 - 0x00007ffe377fe000 	C:\WINDOWS\System32\winrnr.dll
0x00007ffe4f5f0000 - 0x00007ffe4f60c000 	C:\WINDOWS\system32\NLAapi.dll
0x00007ffe4eaf0000 - 0x00007ffe4eb05000 	C:\WINDOWS\system32\wshbth.dll
0x00007ffe4bf10000 - 0x00007ffe4bf1a000 	C:\Windows\System32\rasadhlp.dll
0x00007ffe494c0000 - 0x00007ffe49537000 	C:\WINDOWS\System32\fwpuclnt.dll
0x00007ffe540f0000 - 0x00007ffe54116000 	C:\WINDOWS\System32\bcrypt.dll
0x00007ffe52a30000 - 0x00007ffe52a63000 	C:\WINDOWS\system32\rsaenh.dll
0x00007ffe53c10000 - 0x00007ffe53c35000 	C:\WINDOWS\SYSTEM32\USERENV.dll
0x00007ffe53020000 - 0x00007ffe5302c000 	C:\WINDOWS\SYSTEM32\CRYPTBASE.dll
0x00007ffe4a7a0000 - 0x00007ffe4a7b6000 	C:\WINDOWS\SYSTEM32\dhcpcsvc6.DLL
0x00007ffe4a760000 - 0x00007ffe4a77c000 	C:\WINDOWS\SYSTEM32\dhcpcsvc.DLL

dbghelp: loaded successfully - version: 4.0.5 - missing functions: none
symbol engine: initialized successfully - sym options: 0x614 - pdb path: .;C:\Program Files\Java\jdk-15.0.1\bin;C:\WINDOWS\SYSTEM32;C:\WINDOWS\WinSxS\amd64_microsoft.windows.common-controls_6595b64144ccf1df_6.0.18362.1440_none_9e7dbfb9e45e8e67;C:\Program Files\Java\jdk-15.0.1\bin\server;C:\Program Files\JetBrains\IntelliJ IDEA Community Edition 2020.3.2\bin

VM Arguments:
jvm_args: -javaagent:C:\Program Files\JetBrains\IntelliJ IDEA Community Edition 2020.3.2\lib\idea_rt.jar=52374:C:\Program Files\JetBrains\IntelliJ IDEA Community Edition 2020.3.2\bin -Dfile.encoding=UTF-8 
java_command: AntbidzTeam3.AntBidz.AntBidzApplication
java_class_path (initial): C:\Users\dante\OneDrive\Desktop\YEAR 2.2\OOP\project\AntBidz\AntBidz\target\classes;C:\Users\dante\.m2\repository\org\springframework\boot\spring-boot-starter-data-couchbase\2.4.3\spring-boot-starter-data-couchbase-2.4.3.jar;C:\Users\dante\.m2\repository\org\springframework\boot\spring-boot-starter\2.4.3\spring-boot-starter-2.4.3.jar;C:\Users\dante\.m2\repository\org\springframework\boot\spring-boot\2.4.3\spring-boot-2.4.3.jar;C:\Users\dante\.m2\repository\org\springframework\boot\spring-boot-autoconfigure\2.4.3\spring-boot-autoconfigure-2.4.3.jar;C:\Users\dante\.m2\repository\org\springframework\boot\spring-boot-starter-logging\2.4.3\spring-boot-starter-logging-2.4.3.jar;C:\Users\dante\.m2\repository\ch\qos\logback\logback-classic\1.2.3\logback-classic-1.2.3.jar;C:\Users\dante\.m2\repository\ch\qos\logback\logback-core\1.2.3\logback-core-1.2.3.jar;C:\Users\dante\.m2\repository\org\apache\logging\log4j\log4j-to-slf4j\2.13.3\log4j-to-slf4j-2.13.3.jar;C:\Users\dante\.m2\repository\org\apache\logging\log4j\log4j-api\2.13.3\log4j-api-2.13.3.jar;C:\Users\dante\.m2\repository\org\slf4j\jul-to-slf4j\1.7.30\jul-to-slf4j-1.7.30.jar;C:\Users\dante\.m2\repository\jakarta\annotation\jakarta.annotation-api\1.3.5\jakarta.annotation-api-1.3.5.jar;C:\Users\dante\.m2\repository\org\yaml\snakeyaml\1.27\snakeyaml-1.27.jar;C:\Users\dante\.m2\repository\org\springframework\boot\spring-boot-starter-data-couchbase-reactive\2.4.3\spring-boot-starter-data-couchbase-reactive-2.4.3.jar;C:\Users\dante\.m2\repository\io\projectreactor\reactor-core\3.4.3\reactor-core-3.4.3.jar;C:\Users\dante\.m2\repository\org\reactivestreams\reactive-streams\1.0.3\reactive-streams-1.0.3.jar;C:\Users\dante\.m2\repository\io\reactivex\rxjava-reactive-streams\1.2.1\rxjava-reactive-streams-1.2.1.jar;C:\Users\dante\.m2\repository\io\reactivex\rxjava\1.3.8\rxjava-1.3.8.jar;C:\Users\dante\.m2\repository\org\springframework\boot\spring-boot-starter-mail\2.4.3\spring-boot-starter-mail-2.4.3.
Launcher Type: SUN_STANDARD

[Global flags]
     intx CICompilerCount                          = 4                                         {product} {ergonomic}
     uint ConcGCThreads                            = 2                                         {product} {ergonomic}
     uint G1ConcRefinementThreads                  = 8                                         {product} {ergonomic}
   size_t G1HeapRegionSize                         = 2097152                                   {product} {ergonomic}
    uintx GCDrainStackTargetSize                   = 64                                        {product} {ergonomic}
   size_t InitialHeapSize                          = 268435456                                 {product} {ergonomic}
   size_t MarkStackSize                            = 4194304                                   {product} {ergonomic}
   size_t MaxHeapSize                              = 4269801472                                {product} {ergonomic}
   size_t MaxNewSize                               = 2560622592                                {product} {ergonomic}
   size_t MinHeapDeltaBytes                        = 2097152                                   {product} {ergonomic}
   size_t MinHeapSize                              = 8388608                                   {product} {ergonomic}
    uintx NonNMethodCodeHeapSize                   = 5839372                                {pd product} {ergonomic}
    uintx NonProfiledCodeHeapSize                  = 122909434                              {pd product} {ergonomic}
    uintx ProfiledCodeHeapSize                     = 122909434                              {pd product} {ergonomic}
    uintx ReservedCodeCacheSize                    = 251658240                              {pd product} {ergonomic}
     bool SegmentedCodeCache                       = true                                      {product} {ergonomic}
   size_t SoftMaxHeapSize                          = 4269801472                             {manageable} {ergonomic}
     bool UseCompressedClassPointers               = true                                 {lp64_product} {ergonomic}
     bool UseCompressedOops                        = true                                 {lp64_product} {ergonomic}
     bool UseG1GC                                  = true                                      {product} {ergonomic}
     bool UseLargePagesIndividualAllocation        = false                                  {pd product} {ergonomic}

Logging:
Log output configuration:
 #0: stdout all=warning uptime,level,tags
 #1: stderr all=off uptime,level,tags

Environment Variables:
PATH=C:\Program Files\Common Files\Oracle\Java\javapath;C:\Python38\Scripts\;C:\Python38\;C:\Program Files (x86)\Razer Chroma SDK\bin;C:\Program Files\Razer Chroma SDK\bin;C:\Program Files (x86)\Intel\Intel(R) Management Engine Components\iCLS\;C:\Program Files\Intel\Intel(R) Management Engine Components\iCLS\;C:\Windows\system32;C:\Windows;C:\Windows\System32\Wbem;C:\Windows\System32\WindowsPowerShell\v1.0\;C:\Windows\System32\OpenSSH\;C:\Program Files (x86)\Intel\Intel(R) Management Engine Components\DAL;C:\Program Files\Intel\Intel(R) Management Engine Components\DAL;C:\Users\Administrator\AppData\Local\Microsoft\WindowsApps;C:\WINDOWS\system32;C:\WINDOWS;C:\WINDOWS\System32\Wbem;C:\WINDOWS\System32\WindowsPowerShell\v1.0\;C:\WINDOWS\System32\OpenSSH\;C:\MinGW\bin;C:\ProgramData\ComposerSetup\bin;C:\wamp64\bin\php\php7.4.0;C:\Program Files\nodejs\;C:\ProgramData\chocolatey\bin;C:\Program Files (x86)\DevDesktop\drush_10;C:\Program Files\Docker\Docker\resources\bin;C:\ProgramData\DockerDesktop\version-bin;C:\Program Files\Git\cmd;C:\Users\dante\AppData\Local\Programs\Python\Python37\Scripts\;C:\Users\dante\AppData\Local\Programs\Python\Python37\;C:\Users\dante\AppData\Local\Microsoft\WindowsApps;C:\Users\dante\AppData\Local\Programs\Microsoft VS Code\bin;C:\MinGW\bin;C:\Users\dante\AppData\Roaming\Composer\vendor\bin;C:\Users\dante\AppData\Roaming\npm;C:\Users\dante\AppData\Local\GitHubDesktop\bin;C:\Program Files\Java\jdk-15.0.1\bin;;C:\Program Files\JetBrains\IntelliJ IDEA Community Edition 2020.3.2\bin;
USERNAME=dante
OS=Windows_NT
PROCESSOR_IDENTIFIER=Intel64 Family 6 Model 142 Stepping 11, GenuineIntel



---------------  S Y S T E M  ---------------

OS:
 Windows 10 , 64 bit Build 18362 (10.0.18362.1350)
OS uptime: 2 days 2:05 hours
HyperV virtualization detected

CPU: total 8 (initial active 8) (4 cores per cpu, 2 threads per core) family 6 model 142 stepping 11 microcode 0x9a, cmov, cx8, fxsr, mmx, sse, sse2, sse3, ssse3, sse4.1, sse4.2, popcnt, vzeroupper, avx, avx2, aes, clmul, erms, 3dnowpref, lzcnt, ht, tsc, tscinvbit, bmi1, bmi2, adx, fma, clflush, clflushopt

Memory: 4k page, system-wide physical 16283M (7764M free)
TotalPageFile size 18715M (AvailPageFile size 5684M)
current process WorkingSet (physical memory assigned to process): 225M, peak: 245M
current process commit charge ("private bytes"): 270M, peak: 423M

vm_info: Java HotSpot(TM) 64-Bit Server VM (15.0.1+9-18) for windows-amd64 JRE (15.0.1+9-18), built on Sep 15 2020 14:43:54 by "mach5one" with unknown MS VC++:1925

END.
